2025.05.03 23:22:56 INFO  Started: Metals version 1.5.2 in folders 'C:\LUT study\third year\HK2\Scala\MyProject\myproject' for client Visual Studio Code 1.99.3.
2025.05.03 23:22:57 INFO  no build target found for C:\LUT study\third year\HK2\Scala\MyProject\myproject\src\main\scala\project.scala. Using presentation compiler with project's scala-library version: 3.3.5
2025.05.03 23:22:57 INFO  no build target found for C:\LUT study\third year\HK2\Scala\MyProject\myproject\src\main\scala\project.scala. Using presentation compiler with project's scala-library version: 3.3.5
2025.05.03 23:22:59 INFO  no build target found for C:\LUT study\third year\HK2\Scala\MyProject\myproject\src\main\scala\project.scala. Using presentation compiler with project's scala-library version: 3.3.5
2025.05.03 23:22:59 INFO  no build target found for C:\LUT study\third year\HK2\Scala\MyProject\myproject\src\main\scala\project.scala. Using presentation compiler with project's scala-library version: 3.3.5
May 03, 2025 11:22:59 PM org.eclipse.lsp4j.jsonrpc.RemoteEndpoint handleCancellation
WARNING: Unmatched cancel notification for request id 7
2025.05.03 23:22:59 INFO  no build target found for C:\LUT study\third year\HK2\Scala\MyProject\myproject\src\main\scala\project.scala. Using presentation compiler with project's scala-library version: 3.3.5
2025.05.03 23:22:59 INFO  no build target found for C:\LUT study\third year\HK2\Scala\MyProject\myproject\src\main\scala\project.scala. Using presentation compiler with project's scala-library version: 3.3.5
2025.05.03 23:23:00 INFO  no build target found for C:\LUT study\third year\HK2\Scala\MyProject\myproject\src\main\scala\project.scala. Using presentation compiler with project's scala-library version: 3.3.5
2025.05.03 23:23:00 WARN  no build target for: C:\LUT study\third year\HK2\Scala\MyProject\myproject\src\main\scala\project.scala
2025.05.03 23:23:02 INFO  time: code lens generation in 1.34s
2025.05.03 23:23:03 INFO  no build target found for C:\LUT study\third year\HK2\Scala\MyProject\myproject\src\main\scala\project.scala. Using presentation compiler with project's scala-library version: 3.3.5
2025.05.03 23:23:05 WARN  no build target for: C:\LUT study\third year\HK2\Scala\MyProject\myproject\src\main\scala\project.scala
2025.05.03 23:23:05 INFO  no build target found for C:\LUT study\third year\HK2\Scala\MyProject\myproject\src\main\scala\project.scala. Using presentation compiler with project's scala-library version: 3.3.5
May 03, 2025 11:23:19 PM org.eclipse.lsp4j.jsonrpc.services.GenericEndpoint notify
INFO: Unsupported notification method: $/setTrace
2025.05.03 23:23:19 INFO  no build target found for C:\LUT study\third year\HK2\Scala\MyProject\myproject\src\main\scala\project.scala. Using presentation compiler with project's scala-library version: 3.3.5
2025.05.03 23:23:55 INFO  no build target found for C:\LUT study\third year\HK2\Scala\MyProject\myproject\src\main\scala\project.scala. Using presentation compiler with project's scala-library version: 3.3.5
2025.05.03 23:23:59 INFO  Shutting down server
2025.05.03 23:23:59 INFO  shutting down Metals
2025.05.03 23:23:59 INFO  Exiting server
2025.05.03 23:24:08 INFO  Started: Metals version 1.5.2 in folders 'C:\LUT study\third year\HK2\Scala\MyProject\myproject' for client Visual Studio Code 1.99.3.
2025.05.03 23:24:08 INFO  no build target found for C:\LUT study\third year\HK2\Scala\MyProject\myproject\src\main\scala\project.scala. Using presentation compiler with project's scala-library version: 3.3.5
2025.05.03 23:24:10 INFO  no build target found for C:\LUT study\third year\HK2\Scala\MyProject\myproject\src\main\scala\project.scala. Using presentation compiler with project's scala-library version: 3.3.5
2025.05.03 23:24:10 INFO  no build target found for C:\LUT study\third year\HK2\Scala\MyProject\myproject\src\main\scala\project.scala. Using presentation compiler with project's scala-library version: 3.3.5
2025.05.03 23:24:10 INFO  no build target found for C:\LUT study\third year\HK2\Scala\MyProject\myproject\src\main\scala\project.scala. Using presentation compiler with project's scala-library version: 3.3.5
2025.05.03 23:24:10 INFO  skipping build import with status 'Dismissed'
2025.05.03 23:24:10 INFO  no build target found for C:\LUT study\third year\HK2\Scala\MyProject\myproject\src\main\scala\project.scala. Using presentation compiler with project's scala-library version: 3.3.5
2025.05.03 23:24:10 WARN  no build target for: C:\LUT study\third year\HK2\Scala\MyProject\myproject\src\main\scala\project.scala
2025.05.03 23:24:10 INFO  no build target found for C:\LUT study\third year\HK2\Scala\MyProject\myproject\src\main\scala\project.scala. Using presentation compiler with project's scala-library version: 3.3.5
2025.05.03 23:24:10 INFO  no build target found for C:\LUT study\third year\HK2\Scala\MyProject\myproject\src\main\scala\project.scala. Using presentation compiler with project's scala-library version: 3.3.5
2025.05.03 23:24:13 INFO  time: code lens generation in 2.66s
2025.05.03 23:24:13 INFO  time: code lens generation in 2.66s
2025.05.03 23:24:15 INFO  no build target found for C:\LUT study\third year\HK2\Scala\MyProject\myproject\src\main\scala\project.scala. Using presentation compiler with project's scala-library version: 3.3.5
2025.05.03 23:24:28 INFO  no build target found for C:\LUT study\third year\HK2\Scala\MyProject\myproject\src\main\scala\project.scala. Using presentation compiler with project's scala-library version: 3.3.5
2025.05.03 23:24:36 INFO  no build target found for C:\LUT study\third year\HK2\Scala\MyProject\myproject\src\main\scala\project.scala. Using presentation compiler with project's scala-library version: 3.3.5
2025.05.03 23:24:36 WARN  no build target for: C:\LUT study\third year\HK2\Scala\MyProject\myproject\src\main\scala\project.scala
2025.05.03 23:24:36 INFO  no build target found for C:\LUT study\third year\HK2\Scala\MyProject\myproject\src\main\scala\project.scala. Using presentation compiler with project's scala-library version: 3.3.5
2025.05.03 23:24:36 INFO  no build target found for C:\LUT study\third year\HK2\Scala\MyProject\myproject\src\main\scala\project.scala. Using presentation compiler with project's scala-library version: 3.3.5
2025.05.03 23:24:36 INFO  no build target found for C:\LUT study\third year\HK2\Scala\MyProject\myproject\src\main\scala\project.scala. Using presentation compiler with project's scala-library version: 3.3.5
2025.05.03 23:24:36 INFO  no build target found for C:\LUT study\third year\HK2\Scala\MyProject\myproject\src\main\scala\project.scala. Using presentation compiler with project's scala-library version: 3.3.5
2025.05.03 23:24:38 INFO  no build target found for C:\LUT study\third year\HK2\Scala\MyProject\myproject\src\main\scala\project.scala. Using presentation compiler with project's scala-library version: 3.3.5
2025.05.03 23:24:38 INFO  no build target found for C:\LUT study\third year\HK2\Scala\MyProject\myproject\src\main\scala\project.scala. Using presentation compiler with project's scala-library version: 3.3.5
2025.05.03 23:24:41 INFO  no build target found for C:\LUT study\third year\HK2\Scala\MyProject\myproject\src\main\scala\project.scala. Using presentation compiler with project's scala-library version: 3.3.5
2025.05.03 23:24:41 INFO  no build target found for C:\LUT study\third year\HK2\Scala\MyProject\myproject\src\main\scala\project.scala. Using presentation compiler with project's scala-library version: 3.3.5
2025.05.03 23:24:41 INFO  no build target found for C:\LUT study\third year\HK2\Scala\MyProject\myproject\src\main\scala\project.scala. Using presentation compiler with project's scala-library version: 3.3.5
2025.05.03 23:24:41 INFO  no build target found for C:\LUT study\third year\HK2\Scala\MyProject\myproject\src\main\scala\project.scala. Using presentation compiler with project's scala-library version: 3.3.5
May 03, 2025 11:24:41 PM org.eclipse.lsp4j.jsonrpc.RemoteEndpoint handleCancellation
WARNING: Unmatched cancel notification for request id 26
2025.05.03 23:24:41 INFO  no build target found for C:\LUT study\third year\HK2\Scala\MyProject\myproject\src\main\scala\project.scala. Using presentation compiler with project's scala-library version: 3.3.5
2025.05.03 23:24:44 INFO  no build target found for C:\LUT study\third year\HK2\Scala\MyProject\myproject\src\main\scala\project.scala. Using presentation compiler with project's scala-library version: 3.3.5
2025.05.03 23:24:44 INFO  no build target found for C:\LUT study\third year\HK2\Scala\MyProject\myproject\src\main\scala\project.scala. Using presentation compiler with project's scala-library version: 3.3.5
2025.05.03 23:24:44 INFO  no build target found for C:\LUT study\third year\HK2\Scala\MyProject\myproject\src\main\scala\project.scala. Using presentation compiler with project's scala-library version: 3.3.5
2025.05.03 23:24:46 INFO  no build target found for C:\LUT study\third year\HK2\Scala\MyProject\myproject\src\main\scala\project.scala. Using presentation compiler with project's scala-library version: 3.3.5
2025.05.03 23:24:48 INFO  no build target found for C:\LUT study\third year\HK2\Scala\MyProject\myproject\src\main\scala\project.scala. Using presentation compiler with project's scala-library version: 3.3.5
2025.05.03 23:24:54 WARN  no build target for: C:\LUT study\third year\HK2\Scala\MyProject\myproject\src\main\scala\project.scala
2025.05.03 23:24:54 INFO  no build target found for C:\LUT study\third year\HK2\Scala\MyProject\myproject\src\main\scala\project.scala. Using presentation compiler with project's scala-library version: 3.3.5
2025.05.03 23:24:54 INFO  no build target found for C:\LUT study\third year\HK2\Scala\MyProject\myproject\src\main\scala\project.scala. Using presentation compiler with project's scala-library version: 3.3.5
2025.05.03 23:24:54 INFO  no build target found for C:\LUT study\third year\HK2\Scala\MyProject\myproject\src\main\scala\project.scala. Using presentation compiler with project's scala-library version: 3.3.5
2025.05.03 23:24:54 INFO  no build target found for C:\LUT study\third year\HK2\Scala\MyProject\myproject\src\main\scala\project.scala. Using presentation compiler with project's scala-library version: 3.3.5
2025.05.03 23:53:22 INFO  no build target found for C:\LUT study\third year\HK2\Scala\MyProject\myproject\src\main\scala\project.scala. Using presentation compiler with project's scala-library version: 3.3.5
2025.05.03 23:53:25 INFO  no build target found for C:\LUT study\third year\HK2\Scala\MyProject\myproject\src\main\scala\project.scala. Using presentation compiler with project's scala-library version: 3.3.5
2025.05.03 23:53:55 INFO  Shutting down server
2025.05.03 23:53:55 INFO  shutting down Metals
2025.05.03 23:53:55 INFO  Exiting server
